<?xml version="1.0" encoding="UTF-8"?>
<testsuite name="HelloWorldTest" tests="1" skipped="0" failures="0" errors="0" timestamp="2021-09-18T14:28:28" hostname="LAPTOP-FDQSJABJ" time="0.044">
  <properties/>
  <testcase name="helloWorldTest" classname="HelloWorldTest" time="0.044"/>
  <system-out><![CDATA[]]></system-out>
  <system-err><![CDATA[]]></system-err>
</testsuite>
