<?xml version="1.0" encoding="UTF-8"?>
<testsuite name="DominoesTest" tests="12" skipped="9" failures="0" errors="0" timestamp="2022-05-28T16:29:19" hostname="LAPTOP-FDQSJABJ" time="0.135">
  <properties/>
  <testcase name="cantBeChainedTest" classname="DominoesTest" time="0.001">
    <skipped/>
  </testcase>
  <testcase name="needBacktrackTest" classname="DominoesTest" time="0.0">
    <skipped/>
  </testcase>
  <testcase name="singletonInputSingletonOutput" classname="DominoesTest" time="0.04"/>
  <testcase name="nineElementsTest" classname="DominoesTest" time="0.0">
    <skipped/>
  </testcase>
  <testcase name="separateLoopsTest" classname="DominoesTest" time="0.0">
    <skipped/>
  </testcase>
  <testcase name="disconnectedDoubleLoopTest" classname="DominoesTest" time="0.0">
    <skipped/>
  </testcase>
  <testcase name="singletonCantBeChainedTest" classname="DominoesTest" time="0.089"/>
  <testcase name="disconnectedSingleIsolatedTest" classname="DominoesTest" time="0.0">
    <skipped/>
  </testcase>
  <testcase name="emtpyInputEmptyOutputTest" classname="DominoesTest" time="0.0"/>
  <testcase name="canReverseDominoesTest" classname="DominoesTest" time="0.001">
    <skipped/>
  </testcase>
  <testcase name="disconnectedSimpleTest" classname="DominoesTest" time="0.0">
    <skipped/>
  </testcase>
  <testcase name="threeElementsTest" classname="DominoesTest" time="0.0">
    <skipped/>
  </testcase>
  <system-out><![CDATA[]]></system-out>
  <system-err><![CDATA[]]></system-err>
</testsuite>
